<?xml version="1.0" encoding="UTF-8"?>
<testng-results skipped="0" failed="0" total="1" passed="1">
  <reporter-output>
  </reporter-output>
  <suite name="Command line suite" duration-ms="41338" started-at="2018-03-14T09:14:08Z" finished-at="2018-03-14T09:14:49Z">
    <groups>
      <group name="cucumber">
        <method signature="AbstractTestNGCucumberTests.feature(cucumber.api.testng.CucumberFeatureWrapper)[pri:0, instance:lucidity.bdd.testbase.TestRunner@8bd1b6a]" name="feature" class="cucumber.api.testng.AbstractTestNGCucumberTests"/>
      </group>
    </groups>
    <test name="Command line test" duration-ms="41338" started-at="2018-03-14T09:14:08Z" finished-at="2018-03-14T09:14:49Z">
      <class name="lucidity.bdd.testbase.TestSetup">
        <test-method status="PASS" signature="beforeTest()[pri:0, instance:lucidity.bdd.testbase.TestSetup@55f3ddb1]" name="beforeTest" is-config="true" duration-ms="6" started-at="2018-03-14T09:14:08Z" finished-at="2018-03-14T09:14:08Z">
        </test-method>
        <test-method status="PASS" signature="afterTest()[pri:0, instance:lucidity.bdd.testbase.TestSetup@55f3ddb1]" name="afterTest" is-config="true" duration-ms="1" started-at="2018-03-14T09:14:49Z" finished-at="2018-03-14T09:14:49Z">
        </test-method>
      </class>
      <class name="lucidity.bdd.testbase.TestRunner">
        <test-method status="PASS" signature="setUpClass()[pri:0, instance:lucidity.bdd.testbase.TestRunner@8bd1b6a]" name="setUpClass" is-config="true" duration-ms="170" started-at="2018-03-14T09:14:08Z" finished-at="2018-03-14T09:14:08Z">
        </test-method>
        <test-method status="PASS" signature="feature(cucumber.api.testng.CucumberFeatureWrapper)[pri:0, instance:lucidity.bdd.testbase.TestRunner@8bd1b6a]" name="feature" duration-ms="41075" started-at="2018-03-14T09:14:08Z" description="Runs Cucumber Feature" finished-at="2018-03-14T09:14:49Z">
          <params>
            <param index="0">
              <value>
                <![CDATA[Lucidity Intranet]]>
              </value>
            </param>
          </params>
        </test-method>
        <test-method status="PASS" signature="tearDownClass()[pri:0, instance:lucidity.bdd.testbase.TestRunner@8bd1b6a]" name="tearDownClass" is-config="true" duration-ms="3" started-at="2018-03-14T09:14:49Z" finished-at="2018-03-14T09:14:49Z">
        </test-method>
      </class>
    </test>
  </suite>
</testng-results>
